1640185751857	geckodriver	INFO	Listening on 127.0.0.1:60093
1640185754857	mozrunner::runner	INFO	Running command: "C:\\Program Files\\Mozilla Firefox\\firefox.exe" "--marionette" "-headless" "-foreground" "-no-remote" "-profile" "C:\\Users\\piair\\AppData\\Local\\Temp\\rust_mozprofilesTFfM7"
*** You are running in headless mode.
1640185755232	Marionette	INFO	Marionette enabled
[GFX1-]: RenderCompositorSWGL failed mapping default framebuffer, no dt
console.warn: SearchSettings: "get: No settings file exists, new profile?" (new NotFoundError("Could not open the file at C:\\Users\\piair\\AppData\\Local\\Temp\\rust_mozprofilesTFfM7\\search.json.mozlz4", (void 0)))
console.warn: TopSitesFeed: Contile endpoint returned unexpected status: 403
1640185756463	Marionette	INFO	Listening on port 60101
1640185756902	RemoteAgent	WARN	TLS certificate errors will be ignored for this session
1640185757781	Marionette	WARN	Ignoring event 'DOMContentLoaded' because document has an invalid readyState of 'complete'.
console.log: WebExtensions: reset-default-search: starting.
console.log: WebExtensions: reset-default-search: No addons in our list are installed.
\\firefox.exe" "--marionette" "-foreground" "-no-remote" "-profile" "C:\\Users\\piair\\AppData\\Local\\Temp\\rust_mozprofile1gIzrF"
1640185809036	Marionette	INFO	Marionette enabled
console.warn: SearchSettings: "get: No settings file exists, new profile?" (new NotFoundError("Could not open the file at C:\\Users\\piair\\AppData\\Local\\Temp\\rust_mozprofile1gIzrF\\search.json.mozlz4", (void 0)))
console.warn: TopSitesFeed: Contile endpoint returned unexpected status: 403
1640185811270	Marionette	INFO	Listening on port 60164
1640185811347	RemoteAgent	WARN	TLS certificate errors will be ignored for this session
1640185812733	Marionette	WARN	Ignoring event 'DOMContentLoaded' because document has an invalid readyState of 'complete'.
1640185946075	Marionette	INFO	Stopped listening on port 60164
console.warn: TopSitesFeed: Failed to fetch data from Contile server: NetworkError when attempting to fetch resource.

###!!! [Child][MessageChannel] Error: (msgtype=0x590004,name=PHttpChannel::Msg_Cancel) Channel closing: too late to send/recv, messages will be lost


###!!! [Child][MessageChannel] Error: (msgtype=0x590008,name=PHttpChannel::Msg_DeletingChannel) Channel closing: too late to send/recv, messages will be lost

ozprofilei54fcw\\search.json.mozlz4", (void 0)))
console.warn: TopSitesFeed: Contile endpoint returned unexpected status: 403
1640185866413	Marionette	INFO	Listening on port 60229
1640185866734	RemoteAgent	WARN	TLS certificate errors will be ignored for this session
1640185868959	Marionette	WARN	Ignoring event 'DOMContentLoaded' because document has an invalid readyState of 'complete'.
1640185945483	Marionette	INFO	Stopped listening on port 60229
console.warn: TopSitesFeed: Failed to fetch data from Contile server: NetworkError when attempting to fetch resource.

###!!! [Child][RunMessage] Error: Channel closing: too late to send/recv, messages will be lost


###!!! [Child][RunMessage] Error: Channel closing: too late to send/recv, messages will be lost

exists, new profile?" (new NotFoundError("Could not open the file at C:\\Users\\piair\\AppData\\Local\\Temp\\rust_mozprofileGMKaWU\\search.json.mozlz4", (void 0)))
console.warn: TopSitesFeed: Contile endpoint returned unexpected status: 403
1640185942178	Marionette	INFO	Listening on port 60296
1640185942436	RemoteAgent	WARN	TLS certificate errors will be ignored for this session
1640185943610	Marionette	WARN	Ignoring event 'DOMContentLoaded' because document has an invalid readyState of 'complete'.
JavaScript error: resource://gre/actors/AutoCompleteChild.jsm, line 125: Error: Invalid autocomplete selectedIndex
JavaScript error: resource://gre/actors/AutoCompleteChild.jsm, line 125: Error: Invalid autocomplete selectedIndex
JavaScript error: resource://gre/modules/LoginManagerChild.jsm, line 194: NS_ERROR_XPC_JAVASCRIPT_ERROR_WITH_DETAILS: [JavaScript Error: "Invalid autocomplete selectedIndex" {file: "resource://gre/actors/AutoCompleteChild.jsm" line: 125}]'[JavaScript Error: "Invalid autocomplete selectedIndex" {file: "resource://gre/actors/AutoCompleteChild.jsm" line: 125}]' when calling method: [nsIAutoCompletePopup::selectedIndex]
1640185961520	Marionette	WARN	Ignoring event 'DOMContentLoaded' because document has an invalid readyState of 'complete'.
1640185962139	Marionette	WARN	Ignoring event 'DOMContentLoaded' because document has an invalid readyState of 'complete'.
1640185970517	Marionette	WARN	Ignoring event 'DOMContentLoaded' because document has an invalid readyState of 'complete'.
1640186063559	Marionette	INFO	Stopped listening on port 60296
console.warn: TopSitesFeed: Failed to fetch data from Contile server: NetworkError when attempting to fetch resource.

###!!! [Parent][RunMessage] Error: Channel closing: too late to send/recv, messages will be lost

0186059789	Marionette	INFO	Marionette enabled
console.warn: SearchSettings: "get: No settings file exists, new profile?" (new NotFoundError("Could not open the file at C:\\Users\\piair\\AppData\\Local\\Temp\\rust_mozprofileC267H8\\search.json.mozlz4", (void 0)))
console.warn: TopSitesFeed: Contile endpoint returned unexpected status: 403
1640186062112	Marionette	INFO	Listening on port 60375
1640186062136	RemoteAgent	WARN	TLS certificate errors will be ignored for this session
console.warn: LoginRecipes: "getRecipes: falling back to a synchronous message for:" "https://login.live.com"
1640186112458	Marionette	INFO	Stopped listening on port 60375
console.warn: TopSitesFeed: Failed to fetch data from Contile server: NetworkError when attempting to fetch resource.

###!!! [Child][RunMessage] Error: Channel closing: too late to send/recv, messages will be lost

1640186202808	geckodriver	INFO	Listening on 127.0.0.1:60694
1640186205869	mozrunner::runner	INFO	Running command: "C:\\Program Files\\Mozilla Firefox\\firefox.exe" "--marionette" "-foreground" "-no-remote" "-profile" "C:\\Users\\piair\\AppData\\Local\\Temp\\rust_mozprofilejn4VRm"
1640186206256	Marionette	INFO	Marionette enabled
console.warn: SearchSettings: "get: No settings file exists, new profile?" (new NotFoundError("Could not open the file at C:\\Users\\piair\\AppData\\Local\\Temp\\rust_mozprofilejn4VRm\\search.json.mozlz4", (void 0)))
console.warn: TopSitesFeed: Contile endpoint returned unexpected status: 403
1640186208604	Marionette	INFO	Listening on port 60702
1640186209034	RemoteAgent	WARN	TLS certificate errors will be ignored for this session
1640186230866	Marionette	INFO	Stopped listening on port 60702
console.warn: TopSitesFeed: Failed to fetch data from Contile server: NetworkError when attempting to fetch resource.
1640186234624	geckodriver	INFO	Listening on 127.0.0.1:60750
1640186237664	mozrunner::runner	INFO	Running command: "C:\\Program Files\\Mozilla Firefox\\firefox.exe" "--marionette" "-foreground" "-no-remote" "-profile" "C:\\Users\\piair\\AppData\\Local\\Temp\\rust_mozprofileGjQN6y"
1640186237997	Marionette	INFO	Marionette enabled
console.warn: SearchSettings: "get: No settings file exists, new profile?" (new NotFoundError("Could not open the file at C:\\Users\\piair\\AppData\\Local\\Temp\\rust_mozprofileGjQN6y\\search.json.mozlz4", (void 0)))
console.warn: TopSitesFeed: Contile endpoint returned unexpected status: 403
1640186240014	Marionette	INFO	Listening on port 60758
1640186240314	RemoteAgent	WARN	TLS certificate errors will be ignored for this session
JavaScript error: resource://gre/actors/AutoCompleteChild.jsm, line 125: Error: Invalid autocomplete selectedIndex
JavaScript error: resource://gre/actors/AutoCompleteChild.jsm, line 125: Error: Invalid autocomplete selectedIndex
JavaScript error: resource://gre/modules/LoginManagerChild.jsm, line 194: NS_ERROR_XPC_JAVASCRIPT_ERROR_WITH_DETAILS: [JavaScript Error: "Invalid autocomplete selectedIndex" {file: "resource://gre/actors/AutoCompleteChild.jsm" line: 125}]'[JavaScript Error: "Invalid autocomplete selectedIndex" {file: "resource://gre/actors/AutoCompleteChild.jsm" line: 125}]' when calling method: [nsIAutoCompletePopup::selectedIndex]
1640186339071	Marionette	INFO	Stopped listening on port 60758
console.warn: TopSitesFeed: Failed to fetch data from Contile server: NetworkError when attempting to fetch resource.
1640186343948	geckodriver	INFO	Listening on 127.0.0.1:60823
1640186347017	mozrunner::runner	INFO	Running command: "C:\\Program Files\\Mozilla Firefox\\firefox.exe" "--marionette" "-foreground" "-no-remote" "-profile" "C:\\Users\\piair\\AppData\\Local\\Temp\\rust_mozprofilevUa8r6"
1640186347388	Marionette	INFO	Marionette enabled
console.warn: SearchSettings: "get: No settings file exists, new profile?" (new NotFoundError("Could not open the file at C:\\Users\\piair\\AppData\\Local\\Temp\\rust_mozprofilevUa8r6\\search.json.mozlz4", (void 0)))
console.warn: TopSitesFeed: Contile endpoint returned unexpected status: 403
1640186349578	Marionette	INFO	Listening on port 60831
1640186349690	RemoteAgent	WARN	TLS certificate errors will be ignored for this session
JavaScript error: resource://gre/actors/AutoCompleteChild.jsm, line 125: Error: Invalid autocomplete selectedIndex
JavaScript error: resource://gre/actors/AutoCompleteChild.jsm, line 125: Error: Invalid autocomplete selectedIndex
JavaScript error: resource://gre/modules/LoginManagerChild.jsm, line 194: NS_ERROR_XPC_JAVASCRIPT_ERROR_WITH_DETAILS: [JavaScript Error: "Invalid autocomplete selectedIndex" {file: "resource://gre/actors/AutoCompleteChild.jsm" line: 125}]'[JavaScript Error: "Invalid autocomplete selectedIndex" {file: "resource://gre/actors/AutoCompleteChild.jsm" line: 125}]' when calling method: [nsIAutoCompletePopup::selectedIndex]
Marionette threw an error: NotFoundError: WindowGlobalParent.getActor: No such JSWindowActor 'MarionetteCommands'
getMarionetteCommandsActorProxy/get/<@chrome://remote/content/marionette/actors/MarionetteCommandsParent.jsm:326:65
unregisterCommandsActor@chrome://remote/content/marionette/actors/MarionetteCommandsParent.jsm:390:15
GeckoDriver.prototype.deleteSession@chrome://remote/content/marionette/driver.js:2153:3
onClosed@chrome://remote/content/marionette/server.js:209:17
close@chrome://remote/content/marionette/transport.js:221:18
onInputStreamReady@chrome://remote/content/marionette/transport.js:375:14

JavaScript error: resource://devtools/server/actors/network-monitor/network-event-actor.js, line 110: Error: Got a request https://logincdn.msauth.net/16.000/Converged_v21036__M8MTZS7Nv0I1zR18wdR-g2.css without a browsingContextID set
1640186453717	Marionette	INFO	Stopped listening on port 60831
console.warn: TopSitesFeed: Failed to fetch data from Contile server: NetworkError when attempting to fetch resource.
1640186457901	geckodriver	INFO	Listening on 127.0.0.1:63572
1640186460959	mozrunner::runner	INFO	Running command: "C:\\Program Files\\Mozilla Firefox\\firefox.exe" "--marionette" "-foreground" "-no-remote" "-profile" "C:\\Users\\piair\\AppData\\Local\\Temp\\rust_mozprofilentsOOY"
1640186461292	Marionette	INFO	Marionette enabled
console.warn: SearchSettings: "get: No settings file exists, new profile?" (new NotFoundError("Could not open the file at C:\\Users\\piair\\AppData\\Local\\Temp\\rust_mozprofilentsOOY\\search.json.mozlz4", (void 0)))
console.warn: TopSitesFeed: Contile endpoint returned unexpected status: 403
1640186463396	Marionette	INFO	Listening on port 63580
1640186463611	RemoteAgent	WARN	TLS certificate errors will be ignored for this session
JavaScript error: resource://gre/actors/AutoCompleteChild.jsm, line 125: Error: Invalid autocomplete selectedIndex
JavaScript error: resource://gre/actors/AutoCompleteChild.jsm, line 125: Error: Invalid autocomplete selectedIndex
JavaScript error: resource://gre/modules/LoginManagerChild.jsm, line 194: NS_ERROR_XPC_JAVASCRIPT_ERROR_WITH_DETAILS: [JavaScript Error: "Invalid autocomplete selectedIndex" {file: "resource://gre/actors/AutoCompleteChild.jsm" line: 125}]'[JavaScript Error: "Invalid autocomplete selectedIndex" {file: "resource://gre/actors/AutoCompleteChild.jsm" line: 125}]' when calling method: [nsIAutoCompletePopup::selectedIndex]
Marionette threw an error: NotFoundError: WindowGlobalParent.getActor: No such JSWindowActor 'MarionetteCommands'
getMarionetteCommandsActorProxy/get/<@chrome://remote/content/marionette/actors/MarionetteCommandsParent.jsm:326:65
unregisterCommandsActor@chrome://remote/content/marionette/actors/MarionetteCommandsParent.jsm:390:15
GeckoDriver.prototype.deleteSession@chrome://remote/content/marionette/driver.js:2153:3
onClosed@chrome://remote/content/marionette/server.js:209:17
close@chrome://remote/content/marionette/transport.js:221:18
onInputStreamReady@chrome://remote/content/marionette/transport.js:375:14

1640186634934	Marionette	INFO	Stopped listening on port 63580

###!!! [Child][MessageChannel] Error: (msgtype=0x590004,name=PHttpChannel::Msg_Cancel) Channel closing: too late to send/recv, messages will be lost


###!!! [Child][MessageChannel] Error: (msgtype=0x590008,name=PHttpChannel::Msg_DeletingChannel) Channel closing: too late to send/recv, messages will be lost

console.warn: TopSitesFeed: Failed to fetch data from Contile server: NetworkError when attempting to fetch resource.

###!!! [Parent][RunMessage] Error: Channel closing: too late to send/recv, messages will be lost

d unexpected status: 403
console.error: Region.jsm: "Error fetching region" (new TypeError("NetworkError when attempting to fetch resource.", ""))
console.error: Region.jsm: "Failed to fetch region" (new Error("NO_RESULT", "resource://gre/modules/Region.jsm", 419))
1640186572597	geckodriver	INFO	Listening on 127.0.0.1:63668
1640186575635	mozrunner::runner	INFO	Running command: "C:\\Program Files\\Mozilla Firefox\\firefox.exe" "--marionette" "-foreground" "-no-remote" "-profile" "C:\\Users\\piair\\AppData\\Local\\Temp\\rust_mozprofileog0N0W"
1640186575975	Marionette	INFO	Marionette enabled
console.warn: SearchSettings: "get: No settings file exists, new profile?" (new NotFoundError("Could not open the file at C:\\Users\\piair\\AppData\\Local\\Temp\\rust_mozprofileog0N0W\\search.json.mozlz4", (void 0)))
console.warn: TopSitesFeed: Contile endpoint returned unexpected status: 403
1640186578817	Marionette	INFO	Listening on port 63676
1640186579305	RemoteAgent	WARN	TLS certificate errors will be ignored for this session
JavaScript error: resource://gre/actors/AutoCompleteChild.jsm, line 125: Error: Invalid autocomplete selectedIndex
JavaScript error: resource://gre/actors/AutoCompleteChild.jsm, line 125: Error: Invalid autocomplete selectedIndex
JavaScript error: resource://gre/modules/LoginManagerChild.jsm, line 194: NS_ERROR_XPC_JAVASCRIPT_ERROR_WITH_DETAILS: [JavaScript Error: "Invalid autocomplete selectedIndex" {file: "resource://gre/actors/AutoCompleteChild.jsm" line: 125}]'[JavaScript Error: "Invalid autocomplete selectedIndex" {file: "resource://gre/actors/AutoCompleteChild.jsm" line: 125}]' when calling method: [nsIAutoCompletePopup::selectedIndex]
1640186594789	Marionette	WARN	Ignoring event 'DOMContentLoaded' because document has an invalid readyState of 'complete'.
1640186596030	Marionette	WARN	Ignoring event 'DOMContentLoaded' because document has an invalid readyState of 'complete'.
JavaScript error: https://login.microsoftonline.com/common/oauth2/authorize?client_id=9ea1ad79-fdb6-4f9a-8bc3-2b70f96e34c7&response_type=id_token&nonce=3268e931-fe88-4243-812a-b4443a31c8da&redirect_uri=https%3a%2f%2fwww.bing.com%2forgid%2fidtoken%2fnosignin&scope=openid&response_mode=form_post&msafed=0&prompt=none&state=%7b%22ig%22%3a%22C35158F85B644899B63FD6C0A60EBA7A%22%7d, line 144: SecurityError: The operation is insecure.
JavaScript error: https://login.microsoftonline.com/common/oauth2/authorize?client_id=9ea1ad79-fdb6-4f9a-8bc3-2b70f96e34c7&response_type=id_token&nonce=3268e931-fe88-4243-812a-b4443a31c8da&redirect_uri=https%3a%2f%2fwww.bing.com%2forgid%2fidtoken%2fnosignin&scope=openid&response_mode=form_post&msafed=0&prompt=none&state=%7b%22ig%22%3a%22C35158F85B644899B63FD6C0A60EBA7A%22%7d, line 52: uncaught exception: [Retry 1] Failed to load external resource ['https://aadcdn.msauth.net/ests/2.1/content/cdnbundles/watsonsupportwithjquery.3.5.min_dc940oomzau4rsu8qesnvg2.js'], reloading from fallback CDN endpoint
JavaScript error: https://login.microsoftonline.com/common/oauth2/authorize?client_id=9ea1ad79-fdb6-4f9a-8bc3-2b70f96e34c7&response_type=id_token&nonce=06f09a35-13fe-4874-8a63-d3295c950db1&redirect_uri=https%3a%2f%2fwww.bing.com%2forgid%2fidtoken%2fnosignin&scope=openid&response_mode=form_post&msafed=0&prompt=none&state=%7b%22ig%22%3a%22ADA5952335904AA0B3381C43E80BCBA0%22%7d, line 144: SecurityError: The operation is insecure.
JavaScript error: https://login.microsoftonline.com/common/oauth2/authorize?client_id=9ea1ad79-fdb6-4f9a-8bc3-2b70f96e34c7&response_type=id_token&nonce=df3d0af9-215e-486a-a1c7-69049c3a2d8b&redirect_uri=https%3a%2f%2fwww.bing.com%2forgid%2fidtoken%2fnosignin&scope=openid&response_mode=form_post&msafed=0&prompt=none&state=%7b%22ig%22%3a%22E48EB0AEB3E448AA9F00BA31CFA12D14%22%7d, line 144: SecurityError: The operation is insecure.
JavaScript error: https://login.microsoftonline.com/common/oauth2/authorize?client_id=9ea1ad79-fdb6-4f9a-8bc3-2b70f96e34c7&response_type=id_token&nonce=806895fc-3f5a-4119-b418-ce1837984118&redirect_uri=https%3a%2f%2fwww.bing.com%2forgid%2fidtoken%2fnosignin&scope=openid&response_mode=form_post&msafed=0&prompt=none&state=%7b%22ig%22%3a%22152631726ACB43D0AF50CF135BF89E3A%22%7d, line 144: SecurityError: The operation is insecure.
JavaScript error: https://login.microsoftonline.com/common/oauth2/authorize?client_id=9ea1ad79-fdb6-4f9a-8bc3-2b70f96e34c7&response_type=id_token&nonce=806895fc-3f5a-4119-b418-ce1837984118&redirect_uri=https%3a%2f%2fwww.bing.com%2forgid%2fidtoken%2fnosignin&scope=openid&response_mode=form_post&msafed=0&prompt=none&state=%7b%22ig%22%3a%22152631726ACB43D0AF50CF135BF89E3A%22%7d, line 52: uncaught exception: [Retry 1] Failed to load external resource ['https://aadcdn.msauth.net/ests/2.1/content/cdnbundles/frameworksupport.min_oadrnc13magb009k4d20lg2.js'], reloading from fallback CDN endpoint
JavaScript error: https://login.microsoftonline.com/common/oauth2/authorize?client_id=9ea1ad79-fdb6-4f9a-8bc3-2b70f96e34c7&response_type=id_token&nonce=98bc95ed-d307-4922-be70-b223d9a8dcad&redirect_uri=https%3a%2f%2fwww.bing.com%2forgid%2fidtoken%2fnosignin&scope=openid&response_mode=form_post&msafed=0&prompt=none&state=%7b%22ig%22%3a%22C426B14EFD6E4152A5FC01BDEDADC4E8%22%7d, line 144: SecurityError: The operation is insecure.
JavaScript error: https://login.microsoftonline.com/common/oauth2/authorize?client_id=9ea1ad79-fdb6-4f9a-8bc3-2b70f96e34c7&response_type=id_token&nonce=5ecd774f-26c6-434a-b26f-f2179c5060f5&redirect_uri=https%3a%2f%2fwww.bing.com%2forgid%2fidtoken%2fnosignin&scope=openid&response_mode=form_post&msafed=0&prompt=none&state=%7b%22ig%22%3a%22165E05CFF5A946398BCAE230B0E22705%22%7d, line 144: SecurityError: The operation is insecure.
JavaScript error: resource:///actors/SearchSERPTelemetryChild.jsm, line 150: InvalidStateError: JSWindowActorChild.sendAsyncMessage: JSWindowActorChild cannot send at the moment
1640186835273	Marionette	INFO	Stopped listening on port 63676
console.warn: TopSitesFeed: Failed to fetch data from Contile server: NetworkError when attempting to fetch resource.
1640186887379	geckodriver	INFO	Listening on 127.0.0.1:52582
1640186890409	mozrunner::runner	INFO	Running command: "C:\\Program Files\\Mozilla Firefox\\firefox.exe" "--marionette" "-foreground" "-no-remote" "-profile" "C:\\Users\\piair\\AppData\\Local\\Temp\\rust_mozprofile28XOMk"
1640186890846	Marionette	INFO	Marionette enabled
console.warn: SearchSettings: "get: No settings file exists, new profile?" (new NotFoundError("Could not open the file at C:\\Users\\piair\\AppData\\Local\\Temp\\rust_mozprofile28XOMk\\search.json.mozlz4", (void 0)))
console.warn: TopSitesFeed: Contile endpoint returned unexpected status: 403
1640186893070	Marionette	INFO	Listening on port 52591
1640186893589	RemoteAgent	WARN	TLS certificate errors will be ignored for this session
1640186920903	Marionette	WARN	Ignoring event 'DOMContentLoaded' because document has an invalid readyState of 'complete'.
1640186922234	Marionette	WARN	Ignoring event 'DOMContentLoaded' because document has an invalid readyState of 'complete'.
1640187043685	Marionette	WARN	Ignoring event 'pageshow' because document has an invalid readyState of 'uninitialized'.
console.log: WebExtensions: reset-default-search: starting.
console.log: WebExtensions: reset-default-search: No addons in our list are installed.
1640187501654	Marionette	INFO	Stopped listening on port 52591640187503883	mozrunner::runner	INFO	Running command: "C:\\Program Files\\Mozilla Firefox\\firefox.exe" "--marionette" "-foreground" "-no-remote" "-profile" "C:\\Users\\piair\\AppData\\Local\\Temp\\rust_mozprofile48i6wk"
1640187504290	Marionette	INFO	Marionette enabled
console.warn: SearchSettings: "get: No settings file exists, new profile?" (new NotFoundError("Could not open the file at C:\\Users\\piair\\AppData\\Local\\Temp\\rust_mozprofile48i6wk\\search.json.mozlz4", (void 0)))
console.warn: TopSitesFeed: Contile endpoint returned unexpected status: 403
1640187506562	Marionette	INFO	Listening on port 52778
1640187507063	RemoteAgent	WARN	TLS certificate errors will be ignored for this session
1640187526437	Marionette	WARN	Ignoring event 'DOMContentLoaded' because document has an invalid readyState of 'complete'.
JavaScript error: resource://gre/actors/AutoCompleteChild.jsm, line 125: Error: Invalid autocomplete selectedIndex
JavaScript error: resource://gre/actors/AutoCompleteChild.jsm, line 125: Error: Invalid autocomplete selectedIndex
JavaScript error: resource://gre/modules/LoginManagerChild.jsm, line 194: NS_ERROR_XPC_JAVASCRIPT_ERROR_WITH_DETAILS: [JavaScript Error: "Invalid autocomplete selectedIndex" {file: "resource://gre/actors/AutoCompleteChild.jsm" line: 125}]'[JavaScript Error: "Invalid autocomplete selectedIndex" {file: "resource://gre/actors/AutoCompleteChild.jsm" line: 125}]' when calling method: [nsIAutoCompletePopup::selectedIndex]
1640187540295	Marionette	WARN	Ignoring event 'DOMContentLoaded' because document has an invalid readyState of 'complete'.
1640187540987	Marionette	WARN	Ignoring event 'DOMContentLoaded' because document has an invalid readyState of 'complete'.
1640187546184	Marionette	WARN	Ignoring event 'pageshow' because document has an invalid readyState of 'uninitialized'.
1640187551106	Marionette	WARN	Ignoring event 'pageshow' because document has an invalid readyState of 'uninitialized'.
1640187554231	Marionette	WARN	Ignoring event 'DOMContentLoaded' because document has an invalid readyState of 'complete'.
1640187554794	Marionette	WARN	Ignoring event 'pageshow' because document has an invalid readyState of 'uninitialized'.
1640187557790	Marionette	WARN	Ignoring event 'DOMContentLoaded' because document has an invalid readyState of 'complete'.
1640187558227	Marionette	WARN	Ignoring event 'pageshow' because document has an invalid readyState of 'uninitialized'.
1640187560471	Marionette	WARN	Ignoring event 'pageshow' because document has an invalid readyState of 'uninitialized'.
1640187562204	Marionette	WARN	Ignoring event 'DOMContentLoaded' because document has an invalid readyState of 'complete'.
1640187562642	Marionette	WARN	Ignoring event 'pageshow' because document has an invalid readyState of 'uninitialized'.
IPDL protocol error: Handler returned error code!

###!!! [Parent][DispatchAsyncMessage] Error: PClientManager::Msg_ExpectFutureClientSource Processing error: message was deserialized, but the handler returned false (indicating failure)

IPDL protocol error: Handler returned error code!

###!!! [Parent][DispatchAsyncMessage] Error: PClientManager::Msg_ForgetFutureClientSource Processing error: message was deserialized, but the handler returned false (indicating failure)

1640187618005	Marionette	WARN	Ignoring event 'pageshow' because document has an invalid readyState of 'uninitialized'.
IPDL protocol error: Handler returned error code!

###!!! [Parent][DispatchAsyncMessage] Error: PClientManager::Msg_ExpectFutureClientSource Processing error: message was deserialized, but the handler returned false (indicating failure)

IPDL protocol error: Handler returned error code!

###!!! [Parent][DispatchAsyncMessage] Error: PClientManager::Msg_ForgetFutureClientSource Processing error: message was deserialized, but the handler returned false (indicating failure)

console.log: WebExtensions: reset-default-search: starting.
console.log: WebExtensions: reset-default-search: No addons in our list are installed.
1640188215192	Marionette	INFO	Stopped listening on port 52778

###!!! [Parent][MessageChannel] Error: (msgtype=0x39007A,name=PContent::Msg_DestroyBrowsingContextGroup) Closed channel: cannot send/recv

"-profile" "C:\\Users\\piair\\AppData\\Local\\Temp\\rust_mozprofileS6ptUr"
1640188121456	Marionette	INFO	Marionette enabled
console.warn: SearchSettings: "get: No settings file exists, new profile?" (new NotFoundError("Could not open the file at C:\\Users\\piair\\AppData\\Local\\Temp\\rust_mozprofileS6ptUr\\search.json.mozlz4", (void 0)))
console.warn: TopSitesFeed: Contile endpoint returned unexpected status: 403
1640188123657	Marionette	INFO	Listening on port 52421
1640188123792	RemoteAgent	WARN	TLS certificate errors will be ignored for this session
JavaScript error: resource://gre/actors/AutoCompleteChild.jsm, line 125: Error: Invalid autocomplete selectedIndex
JavaScript error: resource://gre/actors/AutoCompleteChild.jsm, line 125: Error: Invalid autocomplete selectedIndex
JavaScript error: resource://gre/modules/LoginManagerChild.jsm, line 194: NS_ERROR_XPC_JAVASCRIPT_ERROR_WITH_DETAILS: [JavaScript Error: "Invalid autocomplete selectedIndex" {file: "resource://gre/actors/AutoCompleteChild.jsm" line: 125}]'[JavaScript Error: "Invalid autocomplete selectedIndex" {file: "resource://gre/actors/AutoCompleteChild.jsm" line: 125}]' when calling method: [nsIAutoCompletePopup::selectedIndex]
1640188140969	Marionette	WARN	Ignoring event 'DOMContentLoaded' because document has an invalid readyState of 'complete'.
1640188142152	Marionette	WARN	Ignoring event 'DOMContentLoaded' because document has an invalid readyState of 'complete'.
1640188147870	Marionette	WARN	Ignoring event 'pageshow' because document has an invalid readyState of 'uninitialized'.
1640188213949	Marionette	INFO	Stopped listening on port 52421
console.warn: TopSitesFeed: Failed to fetch data from Contile server: NetworkError when attempting to fetch resource.

###!!! [Child][MessageChannel] Error: (msgtype=0x6A0023,name=PNecko::Msg_RemoveRequestContext) Channel closing: too late to send/recv, messages will be lost


###!!! [Parent][MessageChannel] Error: (msgtype=0x39007A,name=PContent::Msg_DestroyBrowsingContextGroup) Closed channel: cannot send/recv


###!!! [Child][MessageChannel] Error: (msgtype=0x230030,name=PBrowser::Msg___delete__) Channel closing: too late to send/recv, messages will be lost


###!!! [Parent][RunMessage] Error: Channel closing: too late to send/recv, messages will be lost

1640188216095	geckodriver	INFO	Listening on 127.0.0.1:52512
1640188219139	mozrunner::runner	INFO	Running command: "C:\\Program Files\\Mozilla Firefox\\firefox.exe" "--marionette" "-foreground" "-no-remote" "-profile" "C:\\Users\\piair\\AppData\\Local\\Temp\\rust_mozprofile0hdbQ9"
1640188219480	Marionette	INFO	Marionette enabled
console.warn: SearchSettings: "get: No settings file exists, new profile?" (new NotFoundError("Could not open the file at C:\\Users\\piair\\AppData\\Local\\Temp\\rust_mozprofile0hdbQ9\\search.json.mozlz4", (void 0)))
console.warn: TopSitesFeed: Contile endpoint returned unexpected status: 403
1640188221576	Marionette	INFO	Listening on port 52528
1640188221780	RemoteAgent	WARN	TLS certificate errors will be ignored for this session
JavaScript error: resource://gre/actors/AutoCompleteChild.jsm, line 125: Error: Invalid autocomplete selectedIndex
JavaScript error: resource://gre/actors/AutoCompleteChild.jsm, line 125: Error: Invalid autocomplete selectedIndex
JavaScript error: resource://gre/modules/LoginManagerChild.jsm, line 194: NS_ERROR_XPC_JAVASCRIPT_ERROR_WITH_DETAILS: [JavaScript Error: "Invalid autocomplete selectedIndex" {file: "resource://gre/actors/AutoCompleteChild.jsm" line: 125}]'[JavaScript Error: "Invalid autocomplete selectedIndex" {file: "resource://gre/actors/AutoCompleteChild.jsm" line: 125}]' when calling method: [nsIAutoCompletePopup::selectedIndex]
1640188237141	Marionette	WARN	Ignoring event 'DOMContentLoaded' because document has an invalid readyState of 'complete'.
1640188238300	Marionette	WARN	Ignoring event 'DOMContentLoaded' because document has an invalid readyState of 'complete'.
1640188243688	Marionette	WARN	Ignoring event 'pageshow' because document has an invalid readyState of 'uninitialized'.
1640188387826	Marionette	INFO	Stopped listening on port 52528
1640188462933	geckodriver	INFO	Listening on 127.0.0.1:52639
1640188465966	mozrunner::runner	INFO	Running command: "C:\\Program Files\\Mozilla Firefox\\firefox.exe" "--marionette" "-foreground" "-no-remote" "-profile" "C:\\Users\\piair\\AppData\\Local\\Temp\\rust_mozprofileBmgAhR"
1640188466417	Marionette	INFO	Marionette enabled
console.warn: SearchSettings: "get: No settings file exists, new profile?" (new NotFoundError("Could not open the file at C:\\Users\\piair\\AppData\\Local\\Temp\\rust_mozprofileBmgAhR\\search.json.mozlz4", (void 0)))
console.warn: TopSitesFeed: Contile endpoint returned unexpected status: 403
1640188468855	Marionette	INFO	Listening on port 52647
1640188469130	RemoteAgent	WARN	TLS certificate errors will be ignored for this session
JavaScript error: resource://gre/actors/AutoCompleteChild.jsm, line 125: Error: Invalid autocomplete selectedIndex
JavaScript error: resource://gre/actors/AutoCompleteChild.jsm, line 125: Error: Invalid autocomplete selectedIndex
JavaScript error: resource://gre/modules/LoginManagerChild.jsm, line 194: NS_ERROR_XPC_JAVASCRIPT_ERROR_WITH_DETAILS: [JavaScript Error: "Invalid autocomplete selectedIndex" {file: "resource://gre/actors/AutoCompleteChild.jsm" line: 125}]'[JavaScript Error: "Invalid autocomplete selectedIndex" {file: "resource://gre/actors/AutoCompleteChild.jsm" line: 125}]' when calling method: [nsIAutoCompletePopup::selectedIndex]
1640188485021	Marionette	WARN	Ignoring event 'DOMContentLoaded' because document has an invalid readyState of 'complete'.
1640188486067	Marionette	WARN	Ignoring event 'DOMContentLoaded' because document has an invalid readyState of 'complete'.
1640188491808	Marionette	WARN	Ignoring event 'pageshow' because document has an invalid readyState of 'uninitialized'.
1640188515978	Marionette	INFO	Stopped listening on port 52647
1640188539173	geckodriver	INFO	Listening on 127.0.0.1:52739
1640188542245	mozrunner::runner	INFO	Running command: "C:\\Program Files\\Mozilla Firefox\\firefox.exe" "--marionette" "-foreground" "-no-remote" "-profile" "C:\\Users\\piair\\AppData\\Local\\Temp\\rust_mozprofileg0muai"
1640188542581	Marionette	INFO	Marionette enabled
console.warn: SearchSettings: "get: No settings file exists, new profile?" (new NotFoundError("Could not open the file at C:\\Users\\piair\\AppData\\Local\\Temp\\rust_mozprofileg0muai\\search.json.mozlz4", (void 0)))
console.warn: TopSitesFeed: Contile endpoint returned unexpected status: 403
1640188544673	Marionette	INFO	Listening on port 52747
1640188544919	RemoteAgent	WARN	TLS certificate errors will be ignored for this session
JavaScript error: resource://gre/actors/AutoCompleteChild.jsm, line 125: Error: Invalid autocomplete selectedIndex
JavaScript error: resource://gre/actors/AutoCompleteChild.jsm, line 125: Error: Invalid autocomplete selectedIndex
JavaScript error: resource://gre/modules/LoginManagerChild.jsm, line 194: NS_ERROR_XPC_JAVASCRIPT_ERROR_WITH_DETAILS: [JavaScript Error: "Invalid autocomplete selectedIndex" {file: "resource://gre/actors/AutoCompleteChild.jsm" line: 125}]'[JavaScript Error: "Invalid autocomplete selectedIndex" {file: "resource://gre/actors/AutoCompleteChild.jsm" line: 125}]' when calling method: [nsIAutoCompletePopup::selectedIndex]
1640188559918	Marionette	WARN	Ignoring event 'DOMContentLoaded' because document has an invalid readyState of 'complete'.
1640188561057	Marionette	WARN	Ignoring event 'DOMContentLoaded' because document has an invalid readyState of 'complete'.
1640188566590	Marionette	WARN	Ignoring event 'pageshow' because document has an invalid readyState of 'uninitialized'.
1640188599719	Marionette	INFO	Stopped listening on port 52747

###!!! [Parent][MessageChannel] Error: (msgtype=0x39007A,name=PContent::Msg_DestroyBrowsingContextGroup) Closed channel: cannot send/recv


###!!! [Child][MessageChannel] Error: (msgtype=0x6A0023,name=PNecko::Msg_RemoveRequestContext) Channel closing: too late to send/recv, messages will be lost


###!!! [Child][MessageChannel] Error: (msgtype=0x230030,name=PBrowser::Msg___delete__) Channel closing: too late to send/recv, messages will be lost


###!!! [Child][RunMessage] Error: Channel closing: too late to send/recv, messages will be lost

1640188631111	geckodriver	INFO	Listening on 127.0.0.1:52839
1640188634143	mozrunner::runner	INFO	Running command: "C:\\Program Files\\Mozilla Firefox\\firefox.exe" "--marionette" "-foreground" "-no-remote" "-profile" "C:\\Users\\piair\\AppData\\Local\\Temp\\rust_mozprofileGvI6ob"
1640188634524	Marionette	INFO	Marionette enabled
console.warn: SearchSettings: "get: No settings file exists, new profile?" (new NotFoundError("Could not open the file at C:\\Users\\piair\\AppData\\Local\\Temp\\rust_mozprofileGvI6ob\\search.json.mozlz4", (void 0)))
console.warn: TopSitesFeed: Contile endpoint returned unexpected status: 403
1640188636941	Marionette	INFO	Listening on port 52847
1640188637323	RemoteAgent	WARN	TLS certificate errors will be ignored for this session
JavaScript error: resource://gre/actors/AutoCompleteChild.jsm, line 125: Error: Invalid autocomplete selectedIndex
JavaScript error: resource://gre/actors/AutoCompleteChild.jsm, line 125: Error: Invalid autocomplete selectedIndex
JavaScript error: resource://gre/modules/LoginManagerChild.jsm, line 194: NS_ERROR_XPC_JAVASCRIPT_ERROR_WITH_DETAILS: [JavaScript Error: "Invalid autocomplete selectedIndex" {file: "resource://gre/actors/AutoCompleteChild.jsm" line: 125}]'[JavaScript Error: "Invalid autocomplete selectedIndex" {file: "resource://gre/actors/AutoCompleteChild.jsm" line: 125}]' when calling method: [nsIAutoCompletePopup::selectedIndex]
1640188653404	Marionette	WARN	Ignoring event 'DOMContentLoaded' because document has an invalid readyState of 'complete'.
1640188655049	Marionette	WARN	Ignoring event 'DOMContentLoaded' because document has an invalid readyState of 'complete'.
1640188660160	Marionette	WARN	Ignoring event 'pageshow' because document has an invalid readyState of 'uninitialized'.
1640188948498	Marionette	INFO	Stopped listening on port 52847
console.warn: TopSitesFeed: Failed to fetch data from Contile server: NetworkError when attempting to fetch resource.
